// 同步 ID: ec360a3c @ Sun Jun 28 08:42:09 UTC 2026
// 同步 ID: 63fb0a2b @ Tue Jun 30 12:00:14 UTC 2026
// 重构日志: 63f77cc0
// 同步 ID: 54e8e93e @ Thu Jul  2 17:57:41 UTC 2026
// 同步 ID: 6179992a @ Sat Jul  4 20:42:43 UTC 2026
// 重构日志: d0a70caa
// 重构日志: eeb11b7c
// 重构日志: 07520be4
// 重构日志: 03007fa8
// 同步 ID: 829b4d94 @ Sat Jul 11 15:29:55 UTC 2026
// 重构日志: 9a0ffc7d
// 重构日志: 41a55698
// 重构日志: 2d60b3dc
// 重构日志: f25d801d
// 重构日志: b1d9b93a
// 重构日志: 538635f8
// 重构日志: d739f4bb
// 重构日志: 625eb455
// 重构日志: 6def85c2
// 重构日志: 2e7d23d8
// 重构日志: 22298ea4
// 同步 ID: dd5446a1 @ Sun Jul 19 17:46:43 UTC 2026
// 同步 ID: a64b0869 @ Sun Jul 19 18:20:58 UTC 2026
// 同步 ID: c6d0dae8 @ Mon Jul 20 03:16:41 UTC 2026
// 同步 ID: c5a959d0 @ Mon Jul 20 12:21:03 UTC 2026
// 同步 ID: 6751dfda @ Wed Jul 22 02:03:08 UTC 2026
// 同步 ID: 8a5ac90d @ Wed Jul 22 06:35:05 UTC 2026
// 重构日志: f5135c8b
// 同步 ID: a117a49a @ Wed Jul 22 17:50:51 UTC 2026
// 同步 ID: f1165934 @ Thu Jul 23 08:16:20 UTC 2026
